<?xml version="1.0" encoding="UTF-8"?>
<Site BuildName="Darwin-clang++"
	BuildStamp="20260502-0744-Experimental"
	Name="MacBook-Air-Sofa.local"
	Generator="ctest-4.2.3"
	CompilerName="/usr/bin/clang++"
	CompilerVersion="17.0.0.17000013"
	OSName="macOS"
	Hostname="MacBook-Air-Sofa.local"
	OSRelease="15.3"
	OSVersion="24D2059"
	OSPlatform="arm64"
	Is64Bits="1"
	VendorString="Apple"
	VendorID="Apple"
	FamilyID="0"
	ModelID="0"
	ModelName="Apple M4"
	ProcessorCacheSize="131072"
	NumberOfLogicalCPU="10"
	NumberOfPhysicalCPU="10"
	TotalVirtualMemory="2048"
	TotalPhysicalMemory="16384"
	LogicalProcessorsPerPhysical="10"
	ProcessorClockFrequency="0"
	>
	<Testing>
		<StartDateTime>May 16 12:43 +03</StartDateTime>
		<StartTestTime>1778924602</StartTestTime>
		<TestList/>
		<EndDateTime>May 16 12:43 +03</EndDateTime>
		<EndTestTime>1778924602</EndTestTime>
		<ElapsedMinutes>0</ElapsedMinutes>
	</Testing>
</Site>
